TN:
SF:libs/template/src/lib/template.module.ts
FNF:0
FNH:0
DA:1,6
DA:3,6
DA:4,6
DA:5,6
DA:6,6
DA:11,6
LF:6
LH:6
BRF:0
BRH:0
end_of_record
TN:
SF:libs/template/src/lib/core/render-aware/render-aware_creator.ts
FN:37,createRenderAware
FN:46,(anonymous_1)
FN:51,(anonymous_2)
FN:59,(anonymous_3)
FN:72,(anonymous_4)
FN:86,(anonymous_5)
FN:88,(anonymous_6)
FN:102,(anonymous_7)
FN:105,(anonymous_8)
FN:109,(anonymous_9)
FN:115,renderWithLatestStrategy
FN:118,(anonymous_11)
FN:123,(anonymous_12)
FN:129,handleErrorAndComplete
FN:130,(anonymous_14)
FN:131,(anonymous_15)
FN:133,(anonymous_16)
FN:135,(anonymous_17)
FN:139,(anonymous_18)
FN:141,(anonymous_19)
FNF:20
FNH:20
FNDA:67,createRenderAware
FNDA:62,(anonymous_1)
FNDA:62,(anonymous_2)
FNDA:61,(anonymous_3)
FNDA:63,(anonymous_4)
FNDA:63,(anonymous_5)
FNDA:59,(anonymous_6)
FNDA:72,(anonymous_7)
FNDA:79,(anonymous_8)
FNDA:62,(anonymous_9)
FNDA:59,renderWithLatestStrategy
FNDA:59,(anonymous_11)
FNDA:98,(anonymous_12)
FNDA:59,handleErrorAndComplete
FNDA:59,(anonymous_14)
FNDA:59,(anonymous_15)
FNDA:52,(anonymous_16)
FNDA:5,(anonymous_17)
FNDA:41,(anonymous_18)
FNDA:29,(anonymous_19)
DA:1,17
DA:11,17
DA:37,17
DA:42,67
DA:44,67
DA:47,62
DA:52,62
DA:53,62
DA:54,61
DA:56,1
DA:59,61
DA:64,67
DA:65,67
DA:68,67
DA:70,67
DA:73,63
DA:74,4
DA:76,59
DA:77,6
DA:78,6
DA:79,1
DA:82,58
DA:83,58
DA:86,63
DA:89,59
DA:101,67
DA:103,72
DA:106,79
DA:110,62
DA:118,59
DA:119,59
DA:124,98
DA:130,59
DA:131,59
DA:132,59
DA:133,52
DA:136,5
DA:137,5
DA:139,41
DA:141,59
LF:40
LH:40
BRDA:48,0,0,62
BRDA:48,0,1,0
BRDA:53,1,0,61
BRDA:53,1,1,1
BRDA:73,2,0,4
BRDA:73,2,1,59
BRDA:76,3,0,6
BRDA:76,3,1,53
BRDA:78,4,0,1
BRDA:78,4,1,5
BRF:10
BRH:9
end_of_record
TN:
SF:libs/template/src/lib/core/utils/coalescing-manager.ts
FN:18,(anonymous_0)
FN:31,createCoalesceManager
FN:39,removeWork
FN:49,addWork
FN:59,isCoalescing
FNF:5
FNH:5
FNDA:549,(anonymous_0)
FNDA:20,createCoalesceManager
FNDA:104,removeWork
FNDA:106,addWork
FNDA:129,isCoalescing
DA:1,20
DA:13,20
DA:15,20
DA:18,549
DA:32,20
DA:41,104
DA:43,104
DA:51,106
DA:53,106
DA:60,129
LF:10
LH:10
BRDA:39,0,0,0
BRDA:49,1,0,0
BRDA:59,2,0,0
BRF:3
BRH:0
end_of_record
TN:
SF:libs/template/src/lib/core/utils/get-global-this.ts
FN:13,getGlobalThis
FNF:1
FNH:1
FNDA:319,getGlobalThis
DA:13,19
DA:14,319
LF:2
LH:2
BRDA:14,0,0,319
BRDA:14,0,1,0
BRDA:14,0,2,0
BRF:3
BRH:1
end_of_record
TN:
SF:libs/template/src/lib/core/utils/get-zone-unpatched-api.ts
FN:17,getZoneUnPatchedApi
FNF:1
FNH:1
FNDA:138,getZoneUnPatchedApi
DA:1,19
DA:2,19
DA:17,19
DA:18,138
DA:19,138
LF:5
LH:5
BRDA:18,0,0,138
BRDA:18,0,1,138
BRDA:19,1,0,138
BRDA:19,1,1,0
BRF:4
BRH:3
end_of_record
TN:
SF:libs/template/src/lib/core/utils/properties-weakmap.ts
FN:32,createPropertiesWeakMap
FN:43,getProperties
FN:54,(anonymous_2)
FN:64,setProperties
FN:66,(anonymous_4)
FN:73,hasKey
FNF:6
FNH:6
FNDA:21,createPropertiesWeakMap
FNDA:554,getProperties
FNDA:67,(anonymous_2)
FNDA:211,setProperties
FNDA:211,(anonymous_4)
FNDA:67,hasKey
DA:32,20
DA:36,21
DA:38,21
DA:44,554
DA:45,554
DA:48,554
DA:49,487
DA:51,67
DA:53,67
DA:55,67
DA:59,67
DA:61,554
DA:65,211
DA:66,211
DA:67,211
DA:69,211
DA:70,211
DA:74,67
LF:18
LH:18
BRDA:48,0,0,487
BRDA:48,0,1,67
BRDA:55,1,0,1
BRDA:55,1,1,66
BRF:4
BRH:4
end_of_record
TN:
SF:libs/template/src/lib/core/utils/template-manager_creator.ts
FN:57,createTemplateManager
FN:67,(anonymous_1)
FN:71,(anonymous_2)
FN:72,(anonymous_3)
FN:77,(anonymous_4)
FN:89,(anonymous_5)
FN:115,(anonymous_6)
FN:116,(anonymous_7)
FN:122,assertTemplate
FNF:9
FNH:9
FNDA:44,createTemplateManager
FNDA:56,(anonymous_1)
FNDA:53,(anonymous_2)
FNDA:86,(anonymous_3)
FNDA:67,(anonymous_4)
FNDA:71,(anonymous_5)
FNDA:24,(anonymous_6)
FNDA:25,(anonymous_7)
FNDA:67,assertTemplate
DA:57,11
DA:61,44
DA:62,44
DA:63,44
DA:66,44
DA:68,56
DA:72,53
DA:73,86
DA:78,67
DA:79,66
DA:80,65
DA:83,1
DA:90,71
DA:91,45
DA:93,44
DA:95,44
DA:96,1
DA:99,43
DA:103,43
DA:108,1
DA:111,44
DA:116,25
DA:117,24
DA:126,67
DA:129,67
DA:130,1
DA:134,66
LF:27
LH:27
BRDA:79,0,0,65
BRDA:79,0,1,1
BRDA:90,1,0,45
BRDA:90,1,1,26
BRDA:91,2,0,44
BRDA:91,2,1,1
BRDA:95,3,0,1
BRDA:95,3,1,43
BRDA:116,4,0,0
BRDA:116,4,1,25
BRDA:116,5,0,25
BRDA:116,5,1,25
BRDA:127,6,0,67
BRDA:127,6,1,67
BRDA:129,7,0,1
BRDA:129,7,1,66
BRF:16
BRH:15
end_of_record
TN:
SF:libs/template/src/lib/core/utils/unpatched-resolved-promise.ts
FN:7,getUnpatchedResolvedPromise
FNF:1
FNH:1
FNDA:97,getUnpatchedResolvedPromise
DA:2,19
DA:3,19
DA:5,19
DA:7,19
DA:8,97
DA:13,97
LF:6
LH:6
BRDA:9,0,0,97
BRDA:9,0,1,14
BRDA:11,1,0,13
BRDA:11,1,1,1
BRF:4
BRH:4
end_of_record
TN:
SF:libs/template/src/lib/core/utils/zone-checks.ts
FN:16,envZonePatched
FN:31,apiZonePatched
FN:57,isNgZone
FN:66,fn
FN:67,(anonymous_4)
FN:89,isNoopNgZone
FNF:6
FNH:6
FNDA:2,envZonePatched
FNDA:152,apiZonePatched
FNDA:4,isNgZone
FNDA:2,fn
FNDA:2,(anonymous_4)
FNDA:2,isNoopNgZone
DA:1,19
DA:16,19
DA:17,2
DA:31,19
DA:33,152
DA:36,19
DA:57,19
DA:58,4
DA:60,4
DA:61,0
DA:64,4
DA:67,4
DA:69,4
DA:70,4
DA:72,4
DA:89,19
DA:90,2
LF:17
LH:16
BRDA:60,0,0,0
BRDA:60,0,1,4
BRF:2
BRH:1
end_of_record
TN:
SF:libs/template/src/lib/let/let.directive.ts
FN:362,(anonymous_0)
FN:311,(anonymous_1)
FN:322,(anonymous_2)
FN:329,(anonymous_3)
FN:338,(anonymous_4)
FN:400,(anonymous_5)
FN:196,(anonymous_6)
FN:238,(anonymous_7)
FN:257,(anonymous_8)
FN:278,(anonymous_9)
FN:299,(anonymous_10)
FN:352,(anonymous_11)
FN:386,(anonymous_12)
FN:395,(anonymous_13)
FNF:14
FNH:12
FNDA:31,(anonymous_0)
FNDA:2,(anonymous_1)
FNDA:27,(anonymous_2)
FNDA:4,(anonymous_3)
FNDA:18,(anonymous_4)
FNDA:28,(anonymous_5)
FNDA:28,(anonymous_6)
FNDA:0,(anonymous_7)
FNDA:9,(anonymous_8)
FNDA:9,(anonymous_9)
FNDA:10,(anonymous_10)
FNDA:0,(anonymous_11)
FNDA:26,(anonymous_12)
FNDA:23,(anonymous_13)
DA:1,10
DA:11,10
DA:19,10
DA:20,10
DA:24,10
DA:160,10
DA:196,10
DA:197,28
DA:238,10
DA:239,0
DA:257,10
DA:260,9
DA:278,10
DA:281,9
DA:299,10
DA:302,10
DA:305,31
DA:310,31
DA:312,2
DA:313,2
DA:321,31
DA:323,27
DA:324,27
DA:331,4
DA:334,4
DA:340,18
DA:343,18
DA:356,0
DA:364,31
DA:365,31
DA:367,31
DA:368,31
DA:375,31
DA:380,31
DA:387,26
DA:388,26
DA:389,26
DA:396,23
DA:397,23
DA:400,31
DA:402,28
DA:403,10
LF:42
LH:40
BRDA:332,0,0,1
BRDA:332,0,1,3
BRDA:341,1,0,3
BRDA:341,1,1,15
BRDA:402,2,0,10
BRDA:402,2,1,18
BRDA:239,3,0,0
BRDA:239,3,1,0
BRF:8
BRH:6
end_of_record
TN:
SF:libs/template/src/lib/let/let.module.ts
FNF:0
FNH:0
DA:1,10
DA:2,10
DA:4,10
DA:10,10
LF:4
LH:4
BRF:0
BRH:0
end_of_record
TN:
SF:libs/template/src/lib/push/push.module.ts
FNF:0
FNH:0
DA:1,8
DA:2,8
DA:3,8
DA:9,8
LF:4
LH:4
BRF:0
BRH:0
end_of_record
TN:
SF:libs/template/src/lib/push/push.pipe.ts
FN:75,(anonymous_0)
FN:67,(anonymous_1)
FN:72,(anonymous_2)
FN:98,(anonymous_3)
FN:108,(anonymous_4)
FNF:5
FNH:5
FNDA:18,(anonymous_0)
FNDA:2,(anonymous_1)
FNDA:11,(anonymous_2)
FNDA:27,(anonymous_3)
FNDA:8,(anonymous_4)
DA:1,8
DA:13,8
DA:14,8
DA:15,8
DA:61,8
DA:66,18
DA:68,2
DA:71,18
DA:72,11
DA:76,18
DA:83,18
DA:102,27
DA:103,27
DA:104,27
DA:105,27
DA:109,8
LF:16
LH:16
BRDA:102,0,0,27
BRDA:102,0,1,27
BRF:2
BRH:2
end_of_record
TN:
SF:libs/template/src/lib/render-strategies/rxjs/operators/coalesceWith.ts
FN:43,coalesceWith
FN:48,(anonymous_1)
FN:49,(anonymous_2)
FN:59,createInnerObserver
FN:66,(anonymous_4)
FN:73,(anonymous_5)
FN:79,(anonymous_6)
FN:80,(anonymous_7)
FN:85,(anonymous_8)
FN:89,(anonymous_9)
FNF:10
FNH:10
FNDA:96,coalesceWith
FNDA:96,(anonymous_1)
FNDA:96,(anonymous_2)
FNDA:96,createInnerObserver
FNDA:97,(anonymous_4)
FNDA:93,(anonymous_5)
FNDA:1,(anonymous_6)
FNDA:189,(anonymous_7)
FNDA:4,(anonymous_8)
FNDA:21,(anonymous_9)
DA:1,15
DA:10,15
DA:43,15
DA:47,96
DA:48,96
DA:49,96
DA:50,96
DA:51,96
DA:54,96
DA:57,96
DA:66,96
DA:67,97
DA:68,97
DA:69,92
DA:72,96
DA:74,93
DA:75,77
DA:77,93
DA:79,1
DA:81,189
DA:82,189
DA:83,97
DA:84,97
DA:86,4
DA:87,4
DA:90,21
DA:91,16
DA:92,16
DA:96,97
LF:29
LH:29
BRDA:47,0,0,96
BRDA:47,0,1,23
BRDA:68,1,0,92
BRDA:68,1,1,5
BRDA:74,2,0,77
BRDA:74,2,1,16
BRDA:82,3,0,97
BRDA:82,3,1,92
BRDA:90,4,0,16
BRDA:90,4,1,5
BRF:10
BRH:10
end_of_record
TN:
SF:libs/template/src/lib/render-strategies/rxjs/scheduling/animationFrameTick.ts
FN:4,(anonymous_0)
FN:5,(anonymous_1)
FN:6,(anonymous_2)
FN:11,(anonymous_3)
FNF:4
FNH:4
FNDA:16,(anonymous_0)
FNDA:73,(anonymous_1)
FNDA:5,(anonymous_2)
FNDA:65,(anonymous_3)
DA:1,16
DA:2,16
DA:4,16
DA:5,16
DA:6,73
DA:7,5
DA:8,5
DA:11,73
DA:12,65
LF:9
LH:9
BRF:0
BRH:0
end_of_record
TN:
SF:libs/template/src/lib/render-strategies/rxjs/scheduling/interfaces.ts
FN:1,(anonymous_0)
FNF:1
FNH:1
FNDA:16,(anonymous_0)
DA:1,16
DA:2,16
DA:3,16
DA:4,16
DA:5,16
DA:6,16
DA:7,16
DA:8,16
LF:8
LH:8
BRDA:1,0,0,16
BRDA:1,0,1,16
BRF:2
BRH:2
end_of_record
TN:
SF:libs/template/src/lib/render-strategies/rxjs/scheduling/priority-tick-map.ts
FNF:0
FNH:0
DA:2,16
DA:3,16
DA:4,16
DA:5,16
DA:6,16
DA:7,16
DA:9,16
LF:7
LH:7
BRF:0
BRH:0
end_of_record
TN:
SF:libs/template/src/lib/render-strategies/rxjs/scheduling/promiseTick.ts
FN:6,(anonymous_0)
FN:7,(anonymous_1)
FN:10,(anonymous_2)
FN:16,(anonymous_3)
FN:19,(anonymous_4)
FNF:5
FNH:4
FNDA:30,(anonymous_0)
FNDA:82,(anonymous_1)
FNDA:82,(anonymous_2)
FNDA:0,(anonymous_3)
FNDA:82,(anonymous_4)
DA:1,16
DA:2,16
DA:6,16
DA:7,30
DA:8,82
DA:9,82
DA:11,82
DA:12,7
DA:13,7
DA:17,0
DA:19,82
DA:20,82
DA:21,82
LF:13
LH:12
BRDA:11,0,0,7
BRDA:11,0,1,75
BRF:2
BRH:2
end_of_record
TN:
SF:libs/template/src/lib/render-strategies/static/static-coalesce.ts
FN:5,staticCoalesce
FN:15,(anonymous_1)
FN:18,(anonymous_2)
FN:29,tryExecuteWork
FNF:4
FNH:4
FNDA:25,staticCoalesce
FNDA:7,(anonymous_1)
FNDA:6,(anonymous_2)
FNDA:7,tryExecuteWork
DA:2,16
DA:5,16
DA:13,25
DA:14,9
DA:15,9
DA:16,7
DA:18,9
DA:19,6
DA:20,6
DA:22,9
DA:25,25
DA:30,7
DA:31,7
DA:32,7
LF:14
LH:14
BRDA:8,0,0,0
BRDA:9,1,0,4
BRDA:13,2,0,9
BRDA:13,2,1,16
BRDA:31,3,0,7
BRDA:31,3,1,0
BRF:6
BRH:4
end_of_record
TN:
SF:libs/template/src/lib/render-strategies/static/static-schedule-and-coalesced.ts
FN:7,coalesceAndSchedule
FN:14,(anonymous_1)
FN:23,(anonymous_2)
FNF:3
FNH:3
FNDA:13,coalesceAndSchedule
FNDA:4,(anonymous_1)
FNDA:8,(anonymous_2)
DA:1,16
DA:2,16
DA:3,16
DA:5,16
DA:7,16
DA:13,13
DA:14,13
DA:16,13
DA:23,13
DA:24,8
DA:25,8
DA:27,13
DA:29,13
LF:13
LH:13
BRDA:10,0,0,0
BRDA:11,1,0,9
BRF:2
BRH:1
end_of_record
TN:
SF:libs/template/src/lib/render-strategies/static/static-schedule.ts
FN:4,staticSchedule
FN:17,(anonymous_1)
FN:18,(anonymous_2)
FN:20,(anonymous_3)
FN:22,(anonymous_4)
FN:31,tryExecuteWork
FNF:6
FNH:4
FNDA:6,staticSchedule
FNDA:5,(anonymous_1)
FNDA:0,(anonymous_2)
FNDA:0,(anonymous_3)
FNDA:6,(anonymous_4)
FNDA:5,tryExecuteWork
DA:1,16
DA:4,16
DA:10,6
DA:11,0
DA:12,0
DA:16,6
DA:17,5
DA:18,0
DA:20,0
DA:22,6
DA:23,6
DA:24,6
DA:26,6
DA:28,6
DA:32,5
DA:33,5
DA:34,5
LF:17
LH:13
BRDA:7,0,0,2
BRDA:10,1,0,0
BRDA:10,1,1,6
BRDA:32,2,0,5
BRDA:32,2,1,0
BRF:5
BRH:3
end_of_record
TN:
SF:libs/template/src/lib/render-strategies/strategies/global.strategy.ts
FN:7,getGlobalStrategies
FN:43,createGlobalStrategy
FN:46,(anonymous_2)
FN:51,(anonymous_3)
FN:52,(anonymous_4)
FNF:5
FNH:2
FNDA:50,getGlobalStrategies
FNDA:50,createGlobalStrategy
FNDA:0,(anonymous_2)
FNDA:0,(anonymous_3)
FNDA:0,(anonymous_4)
DA:1,14
DA:7,14
DA:10,50
DA:43,14
DA:46,50
DA:48,50
DA:51,0
DA:53,0
DA:54,0
LF:9
LH:6
BRF:0
BRH:0
end_of_record
TN:
SF:libs/template/src/lib/render-strategies/strategies/local.strategy.ts
FN:32,getLocalStrategies
FN:68,createLocalStrategy
FN:75,(anonymous_2)
FN:78,(anonymous_3)
FN:81,(anonymous_4)
FN:81,(anonymous_5)
FN:84,(anonymous_6)
FN:122,createDetachStrategy
FN:129,(anonymous_8)
FN:134,(anonymous_9)
FN:137,(anonymous_10)
FN:137,(anonymous_11)
FN:140,(anonymous_12)
FNF:13
FNH:7
FNDA:50,getLocalStrategies
FNDA:50,createLocalStrategy
FNDA:5,(anonymous_2)
FNDA:73,(anonymous_3)
FNDA:73,(anonymous_4)
FNDA:5,(anonymous_5)
FNDA:0,(anonymous_6)
FNDA:50,createDetachStrategy
FNDA:0,(anonymous_8)
FNDA:0,(anonymous_9)
FNDA:0,(anonymous_10)
FNDA:0,(anonymous_11)
FNDA:0,(anonymous_12)
DA:1,14
DA:2,14
DA:3,14
DA:4,14
DA:9,14
DA:10,14
DA:11,14
DA:13,14
DA:32,14
DA:35,50
DA:68,14
DA:71,50
DA:72,50
DA:73,50
DA:75,50
DA:76,5
DA:78,50
DA:79,73
DA:81,73
DA:84,50
DA:85,0
DA:87,50
DA:122,14
DA:125,50
DA:126,50
DA:127,50
DA:129,50
DA:130,0
DA:131,0
DA:132,0
DA:134,50
DA:135,0
DA:137,0
DA:140,50
DA:141,0
DA:143,50
LF:36
LH:29
BRF:0
BRH:0
end_of_record
TN:
SF:libs/template/src/lib/render-strategies/strategies/native.strategy.ts
FN:22,createNativeStrategy
FN:28,(anonymous_1)
FN:29,(anonymous_2)
FN:29,(anonymous_3)
FN:30,(anonymous_4)
FNF:5
FNH:2
FNDA:52,createNativeStrategy
FNDA:1,(anonymous_1)
FNDA:0,(anonymous_2)
FNDA:0,(anonymous_3)
FNDA:0,(anonymous_4)
DA:2,14
DA:3,14
DA:22,14
DA:25,52
DA:26,52
DA:28,1
DA:29,0
DA:31,0
DA:32,0
LF:9
LH:6
BRF:0
BRH:0
end_of_record
TN:
SF:libs/template/src/lib/render-strategies/strategies/noop.strategy.ts
FN:19,createNoopStrategy
FN:22,(anonymous_1)
FN:23,(anonymous_2)
FN:24,(anonymous_3)
FNF:4
FNH:1
FNDA:51,createNoopStrategy
FNDA:0,(anonymous_1)
FNDA:0,(anonymous_2)
FNDA:0,(anonymous_3)
DA:19,14
DA:20,51
DA:23,0
DA:24,0
LF:4
LH:2
BRF:0
BRH:0
end_of_record
TN:
SF:libs/template/src/lib/render-strategies/strategies/strategies-map.ts
FN:12,getStrategies
FNF:1
FNH:1
FNDA:50,getStrategies
DA:5,14
DA:6,14
DA:7,14
DA:8,14
DA:10,14
DA:12,14
DA:15,50
LF:7
LH:7
BRF:0
BRH:0
end_of_record
