TN:
SF:libs/state/src/lib/rx-state.service.ts
FN:71,(anonymous_0)
FN:78,(anonymous_1)
FN:82,(anonymous_2)
FN:151,(anonymous_3)
FN:223,(anonymous_4)
FN:339,(anonymous_5)
FN:361,(anonymous_6)
FN:374,(anonymous_7)
FN:387,(anonymous_8)
FN:530,(anonymous_9)
FN:564,(anonymous_10)
FN:580,(anonymous_11)
FNF:12
FNH:12
FNDA:100,(anonymous_0)
FNDA:13,(anonymous_1)
FNDA:3,(anonymous_2)
FNDA:32,(anonymous_3)
FNDA:71,(anonymous_4)
FNDA:25,(anonymous_5)
FNDA:9,(anonymous_6)
FNDA:20,(anonymous_7)
FNDA:6,(anonymous_8)
FNDA:55,(anonymous_9)
FNDA:2,(anonymous_10)
FNDA:110,(anonymous_11)
DA:1,15
DA:2,15
DA:10,15
DA:21,15
DA:55,15
DA:56,100
DA:58,100
DA:59,100
DA:66,100
DA:72,100
DA:79,13
DA:83,3
DA:174,32
DA:175,32
DA:176,1
DA:178,31
DA:227,71
DA:231,66
DA:232,66
DA:235,5
DA:239,2
DA:242,2
DA:245,3
DA:249,2
DA:250,2
DA:253,2
DA:254,2
DA:257,1
DA:344,25
DA:349,2
DA:350,2
DA:353,23
DA:359,4
DA:360,4
DA:361,9
DA:363,4
DA:364,4
DA:367,19
DA:372,15
DA:373,15
DA:374,20
DA:376,15
DA:377,15
DA:380,4
DA:385,3
DA:386,3
DA:387,6
DA:389,3
DA:390,3
DA:393,1
DA:533,55
DA:534,24
DA:535,31
DA:536,28
DA:537,3
DA:538,2
DA:540,1
DA:568,2
DA:569,1
DA:572,1
DA:574,1
DA:581,110
DA:582,110
DA:583,110
DA:584,110
LF:65
LH:65
BRDA:175,0,0,1
BRDA:175,0,1,31
BRDA:175,1,0,32
BRDA:175,1,1,17
BRDA:175,1,2,17
BRDA:227,2,0,66
BRDA:227,2,1,5
BRDA:228,3,0,71
BRDA:228,3,1,66
BRDA:235,4,0,2
BRDA:235,4,1,3
BRDA:236,5,0,5
BRDA:236,5,1,2
BRDA:245,6,0,2
BRDA:245,6,1,1
BRDA:246,7,0,3
BRDA:246,7,1,3
BRDA:344,8,0,2
BRDA:344,8,1,23
BRDA:345,9,0,25
BRDA:345,9,1,6
BRDA:345,9,2,2
BRDA:353,10,0,4
BRDA:353,10,1,19
BRDA:354,11,0,23
BRDA:354,11,1,4
BRDA:354,11,2,4
BRDA:354,11,3,4
BRDA:367,12,0,15
BRDA:367,12,1,4
BRDA:368,13,0,19
BRDA:368,13,1,19
BRDA:368,13,2,18
BRDA:380,14,0,3
BRDA:380,14,1,1
BRDA:381,15,0,4
BRDA:381,15,1,4
BRDA:381,15,2,3
BRDA:533,16,0,24
BRDA:533,16,1,31
BRDA:533,17,0,55
BRDA:533,17,1,55
BRDA:535,18,0,28
BRDA:535,18,1,3
BRDA:537,19,0,2
BRDA:537,19,1,1
BRDA:568,20,0,1
BRDA:568,20,1,1
BRF:48
BRH:48
end_of_record
TN:
SF:libs/state/src/lib/core/accumulation-observable.ts
FN:26,(anonymous_0)
FN:39,createAccumulationObservable
FN:54,(anonymous_2)
FN:58,(anonymous_3)
FN:59,(anonymous_4)
FN:62,(anonymous_5)
FN:82,nextAccumulator
FN:86,nextSlice
FN:90,nextSliceObservable
FN:94,subscribe
FN:101,(anonymous_10)
FNF:11
FNH:11
FNDA:105,(anonymous_0)
FNDA:119,createAccumulationObservable
FNDA:112,(anonymous_2)
FNDA:112,(anonymous_3)
FNDA:1,(anonymous_4)
FNDA:1,(anonymous_5)
FNDA:4,nextAccumulator
FNDA:85,nextSlice
FNDA:28,nextSliceObservable
FNDA:129,subscribe
FNDA:27,(anonymous_10)
DA:1,17
DA:12,17
DA:26,17
DA:27,105
DA:39,17
DA:44,119
DA:54,112
DA:58,112
DA:59,1
DA:62,1
DA:65,119
DA:66,119
DA:78,119
DA:83,4
DA:87,85
DA:91,28
DA:95,129
DA:98,129
DA:101,129
DA:102,27
DA:103,27
DA:104,27
DA:106,129
LF:23
LH:23
BRDA:40,0,0,119
BRDA:41,1,0,119
BRDA:42,2,0,119
BRF:3
BRH:3
end_of_record
TN:
SF:libs/state/src/lib/core/side-effect-observable.ts
FN:11,createSideEffectObservable
FN:21,nextEffectObservable
FN:25,subscribe
FNF:3
FNH:3
FNDA:102,createSideEffectObservable
FNDA:3,nextEffectObservable
FNDA:111,subscribe
DA:1,17
DA:9,17
DA:11,17
DA:17,102
DA:22,3
DA:26,111
DA:29,102
LF:7
LH:7
BRDA:12,0,0,102
BRF:1
BRH:1
end_of_record
TN:
SF:libs/state/src/lib/core/utils/pipe-from-array.ts
FN:3,pipeFromArray
FN:14,piped
FN:16,(anonymous_2)
FNF:3
FNH:3
FNDA:56,pipeFromArray
FNDA:3,piped
FNDA:14,(anonymous_2)
DA:1,21
DA:3,21
DA:6,56
DA:7,1
DA:10,55
DA:11,50
DA:14,5
DA:15,3
DA:16,14
LF:9
LH:9
BRDA:6,0,0,1
BRDA:6,0,1,55
BRDA:10,1,0,50
BRDA:10,1,1,5
BRF:4
BRH:4
end_of_record
TN:
SF:libs/state/src/lib/core/utils/safe-pluck.ts
FN:57,safePluck
FN:97,(anonymous_1)
FN:109,(anonymous_2)
FNF:3
FNH:3
FNDA:434,safePluck
FNDA:391,(anonymous_1)
FNDA:3,(anonymous_2)
DA:1,22
DA:57,22
DA:90,434
DA:91,44
DA:93,390
DA:94,1
DA:97,389
DA:98,391
DA:100,389
DA:105,10
DA:107,379
DA:109,379
DA:110,3
DA:111,2
DA:114,379
LF:15
LH:15
BRDA:90,0,0,44
BRDA:90,0,1,390
BRDA:93,1,0,1
BRDA:93,1,1,389
BRDA:97,2,0,388
BRDA:97,2,1,1
BRDA:100,3,0,10
BRDA:100,3,1,379
BRDA:101,4,0,389
BRDA:101,4,1,384
BRDA:101,4,2,380
BRDA:110,5,0,2
BRDA:110,5,1,1
BRDA:110,6,0,3
BRDA:110,6,1,2
BRF:15
BRH:15
end_of_record
TN:
SF:libs/state/src/lib/core/utils/typing.ts
FN:3,isPromiseGuard
FN:11,isOperateFnArrayGuard
FN:17,(anonymous_2)
FN:20,isStringArrayGuard
FN:24,(anonymous_4)
FN:27,isIterableGuard
FN:34,isKeyOf
FN:41,isObjectGuard
FN:45,isDefined
FNF:9
FNH:9
FNDA:4,isPromiseGuard
FNDA:101,isOperateFnArrayGuard
FNDA:74,(anonymous_2)
FNDA:59,isStringArrayGuard
FNDA:58,(anonymous_4)
FNDA:6,isIterableGuard
FNDA:563,isKeyOf
FNDA:490,isObjectGuard
FNDA:980,isDefined
DA:3,22
DA:4,4
DA:11,22
DA:14,101
DA:15,5
DA:17,96
DA:20,22
DA:21,59
DA:22,5
DA:24,58
DA:27,22
DA:28,6
DA:29,2
DA:31,4
DA:34,22
DA:35,563
DA:41,22
DA:42,490
DA:45,22
DA:46,980
LF:20
LH:20
BRDA:5,0,0,4
BRDA:5,0,1,4
BRDA:5,0,2,4
BRDA:14,1,0,5
BRDA:14,1,1,96
BRDA:17,2,0,96
BRDA:17,2,1,61
BRDA:21,3,0,5
BRDA:21,3,1,54
BRDA:24,4,0,54
BRDA:24,4,1,53
BRDA:28,5,0,2
BRDA:28,5,1,4
BRDA:28,6,0,6
BRDA:28,6,1,5
BRDA:36,7,0,563
BRDA:36,7,1,532
BRDA:36,7,2,56
BRDA:36,7,3,55
BRDA:42,8,0,490
BRDA:42,8,1,461
BRDA:42,8,2,455
BRDA:46,9,0,980
BRDA:46,9,1,927
BRF:24
BRH:24
end_of_record
TN:
SF:libs/state/src/lib/rxjs/operators/distinctUntilSomeChanged.ts
FN:9,defaultCompare
FN:85,distinctUntilSomeChanged
FN:90,(anonymous_2)
FN:92,(anonymous_3)
FN:98,(anonymous_4)
FN:104,(anonymous_5)
FN:106,(anonymous_6)
FN:111,(anonymous_7)
FNF:8
FNH:8
FNDA:162,defaultCompare
FNDA:63,distinctUntilSomeChanged
FNDA:147,(anonymous_2)
FNDA:157,(anonymous_3)
FNDA:50,(anonymous_4)
FNDA:42,(anonymous_5)
FNDA:50,(anonymous_6)
FNDA:189,(anonymous_7)
DA:2,19
DA:4,19
DA:10,162
DA:85,19
DA:90,63
DA:91,147
DA:93,157
DA:97,63
DA:98,10
DA:99,50
DA:104,10
DA:105,42
DA:107,50
DA:111,189
LF:14
LH:14
BRDA:97,0,0,10
BRDA:97,0,1,53
BRDA:101,1,0,45
BRDA:101,1,1,5
BRDA:99,2,0,50
BRDA:99,2,1,50
BRF:6
BRH:6
end_of_record
TN:
SF:libs/state/src/lib/rxjs/operators/select.ts
FN:163,select
FN:166,(anonymous_1)
FNF:2
FNH:2
FNDA:20,select
FNDA:20,(anonymous_1)
DA:2,18
DA:3,18
DA:8,18
DA:163,18
DA:166,20
DA:167,20
DA:168,5
DA:169,15
DA:170,10
DA:171,5
DA:172,4
DA:174,1
LF:12
LH:12
BRDA:167,0,0,5
BRDA:167,0,1,15
BRDA:167,1,0,20
BRDA:167,1,1,20
BRDA:169,2,0,10
BRDA:169,2,1,5
BRDA:171,3,0,4
BRDA:171,3,1,1
BRF:8
BRH:8
end_of_record
TN:
SF:libs/state/src/lib/rxjs/operators/selectSlice.ts
FN:75,selectSlice
FN:79,(anonymous_1)
FN:81,(anonymous_2)
FN:82,(anonymous_3)
FN:90,(anonymous_4)
FN:103,(anonymous_5)
FN:104,(anonymous_6)
FN:109,(anonymous_7)
FNF:8
FNH:8
FNDA:32,selectSlice
FNDA:32,(anonymous_1)
FNDA:135,(anonymous_2)
FNDA:127,(anonymous_3)
FNDA:131,(anonymous_4)
FNDA:109,(anonymous_5)
FNDA:109,(anonymous_6)
FNDA:127,(anonymous_7)
DA:3,19
DA:4,19
DA:75,19
DA:79,32
DA:80,32
DA:81,135
DA:84,127
DA:85,8
DA:88,119
DA:90,131
DA:97,119
DA:98,15
DA:102,104
DA:103,109
DA:105,109
DA:106,109
DA:109,127
LF:17
LH:17
BRDA:84,0,0,8
BRDA:84,0,1,119
BRDA:90,1,0,131
BRDA:90,1,1,117
BRDA:97,2,0,15
BRDA:97,2,1,104
BRDA:103,3,0,109
BRDA:103,3,1,109
BRF:8
BRH:8
end_of_record
TN:
SF:libs/state/src/lib/rxjs/operators/stateful.ts
FN:110,stateful
FN:113,(anonymous_1)
FN:119,(anonymous_2)
FN:126,(anonymous_3)
FNF:4
FNH:4
FNDA:80,stateful
FNDA:80,(anonymous_1)
FNDA:80,(anonymous_2)
FNDA:117,(anonymous_3)
DA:2,18
DA:3,18
DA:110,18
DA:113,80
DA:114,80
DA:120,80
DA:121,46
DA:123,34
DA:126,117
LF:9
LH:9
BRDA:120,0,0,46
BRDA:120,0,1,34
BRF:2
BRH:2
end_of_record
TN:
SF:libs/state/src/lib/transformation-helpers/_internals/valuesComparer.util.ts
FN:4,valuesComparer
FN:9,(anonymous_1)
FN:16,(anonymous_2)
FN:18,(anonymous_3)
FNF:4
FNH:4
FNDA:79,valuesComparer
FNDA:20,(anonymous_1)
FNDA:25,(anonymous_2)
FNDA:18,(anonymous_3)
DA:2,16
DA:4,16
DA:9,79
DA:11,79
DA:12,16
DA:15,63
DA:16,25
DA:17,16
DA:18,18
DA:22,47
LF:10
LH:10
BRDA:11,0,0,16
BRDA:11,0,1,63
BRDA:15,1,0,16
BRDA:15,1,1,47
BRDA:18,2,0,14
BRDA:18,2,1,2
BRDA:22,3,0,47
BRDA:22,3,1,18
BRF:8
BRH:8
end_of_record
TN:
SF:libs/state/src/lib/transformation-helpers/array/insert.ts
FN:61,insert
FNF:1
FNH:1
FNDA:27,insert
DA:59,15
DA:61,15
DA:62,27
DA:63,27
DA:64,27
DA:66,27
DA:67,5
DA:70,27
DA:71,5
DA:74,22
LF:10
LH:10
BRDA:64,0,0,27
BRDA:64,0,1,12
BRDA:66,1,0,5
BRDA:66,1,1,22
BRDA:66,2,0,27
BRDA:66,2,1,12
BRDA:70,3,0,5
BRDA:70,3,1,22
BRDA:75,4,0,15
BRDA:75,4,1,7
BRDA:76,5,0,20
BRDA:76,5,1,2
BRDA:76,6,0,12
BRDA:76,6,1,8
BRF:14
BRH:14
end_of_record
TN:
SF:libs/state/src/lib/transformation-helpers/array/remove.ts
FN:84,remove
FN:101,(anonymous_1)
FN:102,(anonymous_2)
FNF:3
FNH:3
FNDA:21,remove
FNDA:33,(anonymous_1)
FNDA:35,(anonymous_2)
DA:81,15
DA:82,15
DA:84,15
DA:89,21
DA:94,21
DA:96,21
DA:97,7
DA:98,7
DA:101,14
DA:102,33
DA:103,35
LF:11
LH:11
BRDA:90,0,0,15
BRDA:90,0,1,6
BRDA:91,1,0,12
BRDA:91,1,1,3
BRDA:96,2,0,7
BRDA:96,2,1,14
BRF:6
BRH:6
end_of_record
TN:
SF:libs/state/src/lib/transformation-helpers/array/toDictionary.ts
FN:52,toDictionary
FN:69,(anonymous_1)
FNF:2
FNH:2
FNDA:13,toDictionary
FNDA:9,(anonymous_1)
DA:2,15
DA:52,15
DA:59,13
DA:60,2
DA:63,11
DA:64,8
DA:65,8
DA:68,3
DA:69,9
LF:9
LH:9
BRDA:59,0,0,2
BRDA:59,0,1,11
BRDA:63,1,0,8
BRDA:63,1,1,3
BRDA:63,2,0,11
BRDA:63,2,1,7
BRDA:63,2,2,6
BRF:7
BRH:7
end_of_record
TN:
SF:libs/state/src/lib/transformation-helpers/array/update.ts
FN:77,update
FN:104,(anonymous_1)
FN:105,(anonymous_2)
FNF:3
FNH:3
FNDA:21,update
FNDA:30,(anonymous_1)
FNDA:27,(anonymous_2)
DA:2,15
DA:3,15
DA:77,15
DA:82,21
DA:88,21
DA:89,21
DA:90,21
DA:92,21
DA:93,2
DA:96,21
DA:97,5
DA:100,16
DA:101,6
DA:104,10
DA:105,30
DA:106,27
DA:109,30
DA:110,9
DA:113,21
LF:19
LH:19
BRDA:83,0,0,14
BRDA:83,0,1,7
BRDA:84,1,0,10
BRDA:84,1,1,4
BRDA:90,2,0,21
BRDA:90,2,1,9
BRDA:92,3,0,2
BRDA:92,3,1,19
BRDA:92,4,0,21
BRDA:92,4,1,14
BRDA:96,5,0,5
BRDA:96,5,1,16
BRDA:100,6,0,6
BRDA:100,6,1,10
BRDA:100,7,0,16
BRDA:100,7,1,13
BRDA:100,7,2,10
BRDA:109,8,0,9
BRDA:109,8,1,21
BRF:19
BRH:19
end_of_record
TN:
SF:libs/state/src/lib/transformation-helpers/object/deleteProp.ts
FN:47,deleteProp
FNF:1
FNH:1
FNDA:12,deleteProp
DA:1,15
DA:47,15
DA:51,12
DA:52,6
DA:53,6
DA:56,6
DA:57,2
DA:58,2
DA:61,4
DA:62,4
DA:63,4
LF:11
LH:11
BRDA:51,0,0,6
BRDA:51,0,1,6
BRDA:51,1,0,12
BRDA:51,1,1,10
BRDA:56,2,0,2
BRDA:56,2,1,4
BRF:6
BRH:6
end_of_record
TN:
SF:libs/state/src/lib/transformation-helpers/object/dictionaryToArray.ts
FN:55,dictionaryToArray
FNF:1
FNH:1
FNDA:9,dictionaryToArray
DA:1,15
DA:55,15
DA:56,9
DA:57,2
DA:60,7
DA:61,3
DA:62,3
DA:65,4
LF:8
LH:8
BRDA:56,0,0,2
BRDA:56,0,1,7
BRDA:60,1,0,3
BRDA:60,1,1,4
BRF:4
BRH:4
end_of_record
TN:
SF:libs/state/src/lib/transformation-helpers/object/patch.ts
FN:50,patch
FNF:1
FNH:1
FNDA:17,patch
DA:1,15
DA:50,15
DA:51,17
DA:53,17
DA:54,5
DA:55,5
DA:58,12
DA:59,3
DA:62,3
DA:65,9
LF:10
LH:10
BRDA:51,0,0,11
BRDA:51,0,1,6
BRDA:53,1,0,5
BRDA:53,1,1,12
BRDA:53,2,0,17
BRDA:53,2,1,8
BRDA:58,3,0,3
BRDA:58,3,1,9
BRDA:58,4,0,12
BRDA:58,4,1,3
BRF:10
BRH:10
end_of_record
TN:
SF:libs/state/src/lib/transformation-helpers/object/setProp.ts
FN:45,setProp
FNF:1
FNH:1
FNDA:14,setProp
DA:1,15
DA:45,15
DA:50,14
DA:51,14
DA:52,14
DA:54,14
DA:55,6
DA:58,14
DA:59,3
DA:62,14
DA:63,1
DA:66,13
DA:67,11
DA:73,2
LF:14
LH:14
BRDA:52,0,0,8
BRDA:52,0,1,6
BRDA:54,1,0,6
BRDA:54,1,1,8
BRDA:58,2,0,3
BRDA:58,2,1,11
BRDA:62,3,0,1
BRDA:62,3,1,13
BRDA:62,4,0,14
BRDA:62,4,1,3
BRDA:66,5,0,11
BRDA:66,5,1,2
BRF:12
BRH:12
end_of_record
TN:
SF:libs/state/src/lib/transformation-helpers/object/toggle.ts
FN:48,toggle
FNF:1
FNH:1
FNDA:8,toggle
DA:2,15
DA:48,15
DA:52,8
DA:53,8
DA:54,8
DA:56,8
DA:57,1
DA:60,8
DA:61,3
DA:64,8
DA:65,2
DA:68,8
DA:69,1
DA:72,7
DA:77,4
DA:80,3
LF:16
LH:16
BRDA:54,0,0,7
BRDA:54,0,1,1
BRDA:56,1,0,1
BRDA:56,1,1,7
BRDA:60,2,0,3
BRDA:60,2,1,5
BRDA:64,3,0,2
BRDA:64,3,1,6
BRDA:64,4,0,8
BRDA:64,4,1,5
BRDA:68,5,0,1
BRDA:68,5,1,7
BRDA:68,6,0,8
BRDA:68,6,1,1
BRDA:72,7,0,4
BRDA:72,7,1,3
BRDA:73,8,0,7
BRDA:73,8,1,5
BRDA:73,8,2,2
BRF:19
BRH:19
end_of_record
